2025-05-15 10:22:56 - __main__ - INFO - darkdetect not found. Using default Fusion style.
2025-05-15 10:22:56 - root - INFO - New database initialized successfully
2025-05-15 10:22:57 - __main__ - INFO - No master password found. Starting first time setup.
2025-05-15 10:23:10 - root - INFO - Master password set/updated successfully.
2025-05-15 10:23:10 - __main__ - INFO - Master password set successfully. Vault unlocked.
2025-05-15 10:23:19 - __main__ - CRITICAL - Unhandled exception occurred: 'PasswordManagerGUI' object has no attribute 'create_separator'
Traceback (most recent call last):
  File "C:\Users\samar\PycharmProjects\Password Manager\Main.py", line 2558, in <module>
    window = PasswordManagerGUI()
  File "C:\Users\samar\PycharmProjects\Password Manager\Main.py", line 1020, in __init__
    self.init_ui()
    ~~~~~~~~~~~~^^
  File "C:\Users\samar\PycharmProjects\Password Manager\Main.py", line 1420, in init_ui
    self.detail_layout.addWidget(self.create_separator())
                                 ^^^^^^^^^^^^^^^^^^^^^
AttributeError: 'PasswordManagerGUI' object has no attribute 'create_separator'
2025-05-15 10:39:14 - __main__ - INFO - darkdetect not found. Using default Fusion style.
2025-05-15 10:39:14 - root - INFO - Database connection established
2025-05-15 10:39:14 - __main__ - INFO - Master password found. Proceeding to login.
2025-05-15 10:39:20 - __main__ - CRITICAL - Unhandled exception occurred: module 'hashlib' has no attribute 'compare_digest'
Traceback (most recent call last):
  File "C:\Users\samar\PycharmProjects\Password Manager\Main.py", line 2572, in <module>
    window = PasswordManagerGUI()
  File "C:\Users\samar\PycharmProjects\Password Manager\Main.py", line 1012, in __init__
    if not self.run_initial_setup_or_login():
           ~~~~~~~~~~~~~~~~~~~~~~~~~~~~~~~^^
  File "C:\Users\samar\PycharmProjects\Password Manager\Main.py", line 1042, in run_initial_setup_or_login
    return self.login()
           ~~~~~~~~~~^^
  File "C:\Users\samar\PycharmProjects\Password Manager\Main.py", line 1106, in login
    if verify_password(password, self.current_master_hash, self.current_salt):
       ~~~~~~~~~~~~~~~^^^^^^^^^^^^^^^^^^^^^^^^^^^^^^^^^^^^^^^^^^^^^^^^^^^^^^^
  File "C:\Users\samar\PycharmProjects\Password Manager\utils.py", line 71, in verify_password
    return hashlib.compare_digest(derived_hash_bytes, stored_hash_bytes)
           ^^^^^^^^^^^^^^^^^^^^^^
AttributeError: module 'hashlib' has no attribute 'compare_digest'
2025-05-15 10:44:16 - __main__ - INFO - darkdetect not found. Using default Fusion style.
2025-05-15 10:44:16 - root - INFO - Database connection established
2025-05-15 10:44:16 - __main__ - INFO - Master password found. Proceeding to login.
2025-05-15 10:44:22 - __main__ - CRITICAL - Unhandled exception occurred: module 'hashlib' has no attribute 'compare_digest'
Traceback (most recent call last):
  File "C:\Users\samar\PycharmProjects\Password Manager\Main.py", line 2544, in <module>
    window = PasswordManagerGUI()
  File "C:\Users\samar\PycharmProjects\Password Manager\Main.py", line 1012, in __init__
    if not self.run_initial_setup_or_login():
           ~~~~~~~~~~~~~~~~~~~~~~~~~~~~~~~^^
  File "C:\Users\samar\PycharmProjects\Password Manager\Main.py", line 1035, in run_initial_setup_or_login
    return self.login()
           ~~~~~~~~~~^^
  File "C:\Users\samar\PycharmProjects\Password Manager\Main.py", line 1099, in login
    if verify_password(password, self.current_master_hash, self.current_salt):
       ~~~~~~~~~~~~~~~^^^^^^^^^^^^^^^^^^^^^^^^^^^^^^^^^^^^^^^^^^^^^^^^^^^^^^^
  File "C:\Users\samar\PycharmProjects\Password Manager\utils.py", line 71, in verify_password
    return hashlib.compare_digest(derived_hash_bytes, stored_hash_bytes)
           ^^^^^^^^^^^^^^^^^^^^^^
AttributeError: module 'hashlib' has no attribute 'compare_digest'
